<?xml version="1.0" encoding="UTF-8"?>
<testng-results skipped="0" failed="0" total="1" passed="1">
  <reporter-output>
  </reporter-output>
  <suite name="Default suite" duration-ms="32132" started-at="2019-04-18T09:42:12Z" finished-at="2019-04-18T09:42:44Z">
    <groups>
    </groups>
    <test name="Default test" duration-ms="32132" started-at="2019-04-18T09:42:12Z" finished-at="2019-04-18T09:42:44Z">
      <class name="com.compare.pdf.test.PDFCompareTest">
        <test-method status="PASS" signature="pdfCompareUrlTest()[pri:0, instance:com.compare.pdf.test.PDFCompareTest@58651fd0]" name="pdfCompareUrlTest" duration-ms="32120" started-at="2019-04-18T17:42:12Z" finished-at="2019-04-18T17:42:44Z">
          <reporter-output>
          </reporter-output>
        </test-method> <!-- pdfCompareUrlTest -->
        <test-method status="PASS" signature="deleteFolder()[pri:0, instance:com.compare.pdf.test.PDFCompareTest@58651fd0]" name="deleteFolder" is-config="true" duration-ms="1" started-at="2019-04-18T17:42:44Z" finished-at="2019-04-18T17:42:44Z">
          <reporter-output>
          </reporter-output>
        </test-method> <!-- deleteFolder -->
      </class> <!-- com.compare.pdf.test.PDFCompareTest -->
    </test> <!-- Default test -->
  </suite> <!-- Default suite -->
</testng-results>
